<?xml version="1.0" encoding="UTF-8"?>
<coverage generated="1637174377342" clover="3.2.0">
  <project timestamp="1637174377342" name="All files">
    <metrics statements="21" coveredstatements="21" conditionals="21" coveredconditionals="18" methods="1" coveredmethods="1" elements="43" coveredelements="40" complexity="0" loc="21" ncloc="21" packages="1" files="1" classes="1"/>
    <file name="util.js" path="/home/vuminhkhoi1802/Documents/TakeHomeTest/pizza-ordering/server/src/utils/util.js">
      <metrics statements="21" coveredstatements="21" conditionals="21" coveredconditionals="18" methods="1" coveredmethods="1"/>
      <line num="3" count="1" type="stmt"/>
      <line num="4" count="4" type="stmt"/>
      <line num="5" count="4" type="cond" truecount="4" falsecount="0"/>
      <line num="7" count="1" type="stmt"/>
      <line num="8" count="2" type="cond" truecount="5" falsecount="1"/>
      <line num="11" count="1" type="stmt"/>
      <line num="12" count="1" type="stmt"/>
      <line num="15" count="1" type="stmt"/>
      <line num="17" count="1" type="stmt"/>
      <line num="18" count="2" type="cond" truecount="4" falsecount="1"/>
      <line num="20" count="1" type="stmt"/>
      <line num="21" count="1" type="stmt"/>
      <line num="22" count="1" type="stmt"/>
      <line num="25" count="1" type="stmt"/>
      <line num="28" count="1" type="stmt"/>
      <line num="29" count="2" type="cond" truecount="5" falsecount="1"/>
      <line num="32" count="1" type="stmt"/>
      <line num="33" count="1" type="stmt"/>
      <line num="36" count="1" type="stmt"/>
      <line num="38" count="1" type="stmt"/>
      <line num="42" count="1" type="stmt"/>
    </file>
  </project>
</coverage>
