{"/home/vuminhkhoi1802/Documents/TakeHomeTest/pizza-ordering/server/src/utils/util.js": {"path":"/home/vuminhkhoi1802/Documents/TakeHomeTest/pizza-ordering/server/src/utils/util.js","statementMap":{"0":{"start":{"line":3,"column":25},"end":{"line":40,"column":1}},"1":{"start":{"line":4,"column":16},"end":{"line":4,"column":17}},"2":{"start":{"line":5,"column":2},"end":{"line":39,"column":3}},"3":{"start":{"line":7,"column":6},"end":{"line":14,"column":7}},"4":{"start":{"line":7,"column":19},"end":{"line":7,"column":20}},"5":{"start":{"line":8,"column":8},"end":{"line":13,"column":9}},"6":{"start":{"line":11,"column":10},"end":{"line":11,"column":44}},"7":{"start":{"line":12,"column":10},"end":{"line":12,"column":60}},"8":{"start":{"line":15,"column":6},"end":{"line":15,"column":12}},"9":{"start":{"line":17,"column":6},"end":{"line":24,"column":7}},"10":{"start":{"line":17,"column":19},"end":{"line":17,"column":20}},"11":{"start":{"line":18,"column":8},"end":{"line":23,"column":9}},"12":{"start":{"line":20,"column":24},"end":{"line":20,"column":29}},"13":{"start":{"line":21,"column":10},"end":{"line":21,"column":44}},"14":{"start":{"line":22,"column":10},"end":{"line":22,"column":63}},"15":{"start":{"line":25,"column":6},"end":{"line":25,"column":12}},"16":{"start":{"line":28,"column":6},"end":{"line":35,"column":7}},"17":{"start":{"line":28,"column":19},"end":{"line":28,"column":20}},"18":{"start":{"line":29,"column":8},"end":{"line":34,"column":9}},"19":{"start":{"line":32,"column":10},"end":{"line":32,"column":44}},"20":{"start":{"line":33,"column":10},"end":{"line":33,"column":60}},"21":{"start":{"line":36,"column":6},"end":{"line":36,"column":12}},"22":{"start":{"line":38,"column":6},"end":{"line":38,"column":12}},"23":{"start":{"line":42,"column":0},"end":{"line":44,"column":2}}},"fnMap":{"0":{"name":"(anonymous_0)","decl":{"start":{"line":3,"column":25},"end":{"line":3,"column":26}},"loc":{"start":{"line":3,"column":45},"end":{"line":40,"column":1}},"line":3}},"branchMap":{"0":{"loc":{"start":{"line":5,"column":2},"end":{"line":39,"column":3}},"type":"switch","locations":[{"start":{"line":6,"column":4},"end":{"line":15,"column":12}},{"start":{"line":16,"column":4},"end":{"line":25,"column":12}},{"start":{"line":26,"column":4},"end":{"line":36,"column":12}},{"start":{"line":37,"column":4},"end":{"line":38,"column":12}}],"line":5},"1":{"loc":{"start":{"line":8,"column":8},"end":{"line":13,"column":9}},"type":"if","locations":[{"start":{"line":8,"column":8},"end":{"line":13,"column":9}},{"start":{},"end":{}}],"line":8},"2":{"loc":{"start":{"line":8,"column":12},"end":{"line":10,"column":79}},"type":"binary-expr","locations":[{"start":{"line":8,"column":12},"end":{"line":8,"column":58}},{"start":{"line":9,"column":10},"end":{"line":9,"column":37}},{"start":{"line":10,"column":11},"end":{"line":10,"column":47}},{"start":{"line":10,"column":51},"end":{"line":10,"column":78}}],"line":8},"3":{"loc":{"start":{"line":18,"column":8},"end":{"line":23,"column":9}},"type":"if","locations":[{"start":{"line":18,"column":8},"end":{"line":23,"column":9}},{"start":{},"end":{}}],"line":18},"4":{"loc":{"start":{"line":18,"column":12},"end":{"line":19,"column":79}},"type":"binary-expr","locations":[{"start":{"line":18,"column":12},"end":{"line":18,"column":58}},{"start":{"line":19,"column":11},"end":{"line":19,"column":47}},{"start":{"line":19,"column":51},"end":{"line":19,"column":78}}],"line":18},"5":{"loc":{"start":{"line":29,"column":8},"end":{"line":34,"column":9}},"type":"if","locations":[{"start":{"line":29,"column":8},"end":{"line":34,"column":9}},{"start":{},"end":{}}],"line":29},"6":{"loc":{"start":{"line":29,"column":12},"end":{"line":31,"column":79}},"type":"binary-expr","locations":[{"start":{"line":29,"column":12},"end":{"line":29,"column":59}},{"start":{"line":30,"column":10},"end":{"line":30,"column":37}},{"start":{"line":31,"column":11},"end":{"line":31,"column":47}},{"start":{"line":31,"column":51},"end":{"line":31,"column":78}}],"line":29}},"s":{"0":1,"1":4,"2":4,"3":1,"4":1,"5":2,"6":1,"7":1,"8":1,"9":1,"10":1,"11":2,"12":1,"13":1,"14":1,"15":1,"16":1,"17":1,"18":2,"19":1,"20":1,"21":1,"22":1,"23":1},"f":{"0":4},"b":{"0":[1,1,1,1],"1":[1,1],"2":[2,1,1,0],"3":[1,1],"4":[2,1,0],"5":[1,1],"6":[2,1,1,0]},"_coverageSchema":"1a1c01bbd47fc00a2c39e90264f33305004495a9","hash":"17baffb32c494a578ef9282ba12f9256f9321ed7"}
}
