TN:
SF:src/utils/util.js
FN:3,(anonymous_0)
FNF:1
FNH:1
FNDA:4,(anonymous_0)
DA:3,1
DA:4,4
DA:5,4
DA:7,1
DA:8,2
DA:11,1
DA:12,1
DA:15,1
DA:17,1
DA:18,2
DA:20,1
DA:21,1
DA:22,1
DA:25,1
DA:28,1
DA:29,2
DA:32,1
DA:33,1
DA:36,1
DA:38,1
DA:42,1
LF:21
LH:21
BRDA:5,0,0,1
BRDA:5,0,1,1
BRDA:5,0,2,1
BRDA:5,0,3,1
BRDA:8,1,0,1
BRDA:8,1,1,1
BRDA:8,2,0,2
BRDA:8,2,1,1
BRDA:8,2,2,1
BRDA:8,2,3,0
BRDA:18,3,0,1
BRDA:18,3,1,1
BRDA:18,4,0,2
BRDA:18,4,1,1
BRDA:18,4,2,0
BRDA:29,5,0,1
BRDA:29,5,1,1
BRDA:29,6,0,2
BRDA:29,6,1,1
BRDA:29,6,2,1
BRDA:29,6,3,0
BRF:21
BRH:18
end_of_record
